TN:
SF:components/HackathonTimeline.tsx
FN:68,buildCfg
FN:81,initialAngle
FN:86,circlePos
FN:91,toStablePx
FN:95,itemOpacity
FN:102,HackathonTimeline
FN:117,onResize
FN:151,handleScroll
FN:274,ref
FN:283,ref
FNF:10
FNH:8
FNDA:2,buildCfg
FNDA:14,initialAngle
FNDA:14,circlePos
FNDA:28,toStablePx
FNDA:7,itemOpacity
FNDA:2,HackathonTimeline
FNDA:0,onResize
FNDA:0,handleScroll
FNDA:28,ref
FNDA:28,ref
DA:1,1
DA:2,1
DA:3,1
DA:4,1
DA:5,1
DA:6,1
DA:7,1
DA:8,1
DA:9,1
DA:10,1
DA:11,1
DA:12,1
DA:13,1
DA:14,1
DA:15,1
DA:16,1
DA:17,1
DA:18,1
DA:19,1
DA:20,1
DA:21,1
DA:22,1
DA:23,1
DA:24,1
DA:25,1
DA:26,1
DA:27,1
DA:28,1
DA:29,1
DA:30,1
DA:31,1
DA:32,1
DA:33,1
DA:34,1
DA:35,1
DA:36,1
DA:37,1
DA:38,1
DA:39,1
DA:40,1
DA:41,1
DA:42,1
DA:43,1
DA:44,1
DA:45,1
DA:46,1
DA:47,1
DA:48,1
DA:49,1
DA:50,1
DA:51,1
DA:52,1
DA:53,1
DA:54,1
DA:55,1
DA:56,1
DA:57,1
DA:58,1
DA:59,1
DA:60,1
DA:61,1
DA:62,1
DA:63,1
DA:64,1
DA:65,1
DA:66,1
DA:67,1
DA:68,2
DA:69,2
DA:70,0
DA:71,0
DA:72,0
DA:73,0
DA:74,2
DA:75,0
DA:76,0
DA:77,0
DA:78,2
DA:79,2
DA:80,1
DA:81,14
DA:82,14
DA:83,14
DA:84,14
DA:85,1
DA:86,14
DA:87,14
DA:88,14
DA:89,14
DA:90,1
DA:91,28
DA:92,28
DA:93,28
DA:94,1
DA:95,7
DA:96,7
DA:97,7
DA:98,7
DA:99,4
DA:100,4
DA:101,1
DA:102,1
DA:103,2
DA:104,2
DA:105,2
DA:106,2
DA:107,2
DA:108,2
DA:109,2
DA:110,2
DA:111,2
DA:112,2
DA:113,2
DA:114,2
DA:115,1
DA:116,1
DA:117,1
DA:118,0
DA:119,0
DA:120,0
DA:121,0
DA:122,0
DA:123,0
DA:124,0
DA:125,1
DA:126,1
DA:127,2
DA:128,2
DA:129,2
DA:130,2
DA:131,1
DA:132,1
DA:133,1
DA:134,1
DA:135,1
DA:136,1
DA:137,7
DA:138,7
DA:139,7
DA:140,7
DA:141,7
DA:142,7
DA:143,7
DA:144,1
DA:145,7
DA:146,7
DA:147,7
DA:148,1
DA:149,1
DA:150,1
DA:151,1
DA:152,0
DA:153,0
DA:154,0
DA:155,0
DA:156,0
DA:157,0
DA:158,0
DA:159,0
DA:160,0
DA:161,0
DA:162,0
DA:163,0
DA:164,0
DA:165,0
DA:166,0
DA:167,0
DA:168,0
DA:169,0
DA:170,0
DA:171,0
DA:172,0
DA:173,0
DA:174,0
DA:175,0
DA:176,0
DA:177,0
DA:178,0
DA:179,0
DA:180,0
DA:181,0
DA:182,0
DA:183,0
DA:184,0
DA:185,0
DA:186,0
DA:187,0
DA:188,0
DA:189,0
DA:190,0
DA:191,0
DA:192,0
DA:193,1
DA:194,1
DA:195,1
DA:196,2
DA:197,2
DA:198,2
DA:199,2
DA:200,2
DA:201,2
DA:202,2
DA:203,2
DA:204,2
DA:205,2
DA:206,2
DA:207,2
DA:208,2
DA:209,2
DA:210,2
DA:211,2
DA:212,2
DA:213,2
DA:214,2
DA:215,2
DA:216,2
DA:217,2
DA:218,2
DA:219,2
DA:220,2
DA:221,2
DA:222,2
DA:223,2
DA:224,2
DA:225,2
DA:226,2
DA:227,2
DA:228,2
DA:229,2
DA:230,2
DA:231,2
DA:232,2
DA:233,2
DA:234,2
DA:235,2
DA:236,2
DA:237,2
DA:238,2
DA:239,2
DA:240,2
DA:241,2
DA:242,2
DA:243,2
DA:244,2
DA:245,2
DA:246,2
DA:247,2
DA:248,2
DA:249,2
DA:250,2
DA:251,2
DA:252,2
DA:253,2
DA:254,2
DA:255,2
DA:256,2
DA:257,2
DA:258,2
DA:259,2
DA:260,2
DA:261,2
DA:262,14
DA:263,14
DA:264,14
DA:265,14
DA:266,14
DA:267,14
DA:268,14
DA:269,14
DA:270,14
DA:271,14
DA:272,14
DA:273,14
DA:274,14
DA:275,28
DA:276,28
DA:277,14
DA:278,14
DA:279,14
DA:280,14
DA:281,14
DA:282,14
DA:283,14
DA:284,28
DA:285,28
DA:286,14
DA:287,14
DA:288,14
DA:289,14
DA:290,14
DA:291,14
DA:292,14
DA:293,14
DA:294,14
DA:295,14
DA:296,14
DA:297,14
DA:298,14
DA:299,14
DA:300,14
DA:301,14
DA:302,14
DA:303,2
DA:304,2
DA:305,2
DA:306,2
DA:307,2
DA:308,2
DA:309,2
DA:310,2
DA:311,2
DA:312,2
DA:313,2
DA:314,2
DA:315,2
DA:316,2
DA:317,2
DA:318,2
DA:319,2
DA:320,2
DA:321,2
DA:322,2
DA:323,2
DA:324,2
DA:325,2
DA:326,2
DA:327,2
DA:328,2
DA:329,2
DA:330,2
DA:331,2
DA:332,2
DA:333,2
DA:334,2
DA:335,2
DA:336,2
DA:337,2
DA:338,2
DA:339,2
DA:340,2
DA:341,2
DA:342,2
DA:343,2
DA:344,2
DA:345,2
DA:346,2
DA:347,2
DA:348,2
DA:349,2
DA:350,2
DA:351,2
DA:352,2
DA:353,2
DA:354,2
DA:355,2
DA:356,2
DA:357,2
DA:358,2
DA:359,2
DA:360,2
DA:361,2
DA:362,2
DA:363,2
DA:364,2
DA:365,2
DA:366,2
DA:367,2
DA:368,2
DA:369,2
DA:370,2
DA:371,2
DA:372,2
DA:373,2
DA:374,2
DA:375,2
DA:376,2
DA:377,2
DA:378,2
DA:379,2
DA:380,2
LF:380
LH:325
BRDA:68,0,0,2
BRDA:69,1,0,0
BRDA:74,2,0,0
BRDA:81,3,0,14
BRDA:86,4,0,14
BRDA:91,5,0,28
BRDA:95,6,0,7
BRDA:96,7,0,1
BRDA:96,8,0,6
BRDA:97,9,0,1
BRDA:97,10,0,5
BRDA:98,11,0,1
BRDA:98,12,0,4
BRDA:102,13,0,2
BRDA:348,14,0,0
BRDA:361,15,0,0
BRDA:111,16,0,1
BRDA:114,17,0,1
BRDA:126,18,0,1
BRDA:130,19,0,1
BRDA:132,20,0,0
BRDA:136,21,0,7
BRDA:137,22,0,0
BRDA:139,23,0,1
BRDA:139,24,0,6
BRDA:144,25,0,7
BRDA:145,26,0,0
BRDA:146,27,0,1
BRDA:146,28,0,6
BRDA:195,29,0,1
BRDA:261,30,0,14
BRDA:293,31,0,2
BRDA:293,32,0,12
BRDA:274,33,0,28
BRDA:283,34,0,28
BRF:35
BRH:28
end_of_record
TN:
SF:components/ps/b2b/phase1-utils.ts
FN:15,splitCommaList
FN:22,parseJsonArrayInput
FN:38,toOptionalInt
FN:45,toOptionalNumber
FN:52,buildPhase1Payload
FNF:5
FNH:5
FNDA:3,splitCommaList
FNDA:2,parseJsonArrayInput
FNDA:2,toOptionalInt
FNDA:1,toOptionalNumber
FNDA:1,buildPhase1Payload
DA:1,1
DA:2,1
DA:3,1
DA:4,1
DA:5,1
DA:6,1
DA:7,1
DA:8,1
DA:9,1
DA:10,1
DA:11,1
DA:12,1
DA:13,1
DA:14,1
DA:15,1
DA:16,3
DA:17,3
DA:18,3
DA:19,3
DA:20,3
DA:21,1
DA:22,1
DA:23,2
DA:24,2
DA:25,2
DA:26,2
DA:27,2
DA:28,2
DA:29,0
DA:30,0
DA:31,1
DA:32,1
DA:33,1
DA:34,1
DA:35,1
DA:36,2
DA:37,1
DA:38,2
DA:39,2
DA:40,2
DA:41,2
DA:42,2
DA:43,2
DA:44,1
DA:45,1
DA:46,1
DA:47,1
DA:48,1
DA:49,1
DA:50,1
DA:51,1
DA:52,1
DA:53,1
DA:54,1
DA:55,1
DA:56,1
DA:57,1
DA:58,1
DA:59,1
DA:60,1
DA:61,1
DA:62,1
DA:63,1
DA:64,1
DA:65,1
DA:66,1
DA:67,1
DA:68,1
LF:68
LH:66
BRDA:15,0,0,3
BRDA:18,1,0,8
BRDA:22,2,0,2
BRDA:24,3,0,0
BRDA:28,4,0,0
BRDA:30,5,0,1
BRDA:33,6,0,0
BRDA:38,7,0,2
BRDA:40,8,0,0
BRDA:42,9,0,0
BRDA:45,10,0,1
BRDA:47,11,0,0
BRDA:49,12,0,0
BRDA:52,13,0,1
BRDA:63,14,0,0
BRDA:66,15,0,0
BRF:16
BRH:7
end_of_record
TN:
SF:components/seeds/AdminLobbies.tsx
FN:34,AdminLobbies
FN:45,getUser
FN:79,handleDeleteClick
FN:83,handleDeleteConfirm
FN:132,handleAssignMentor
FN:164,handleUnassignMentor
FN:195,onClick
FN:263,onClick
FN:280,onClick
FN:293,onClick
FN:315,onOpenChange
FN:327,onClick
FNF:12
FNH:3
FNDA:4,AdminLobbies
FNDA:1,getUser
FNDA:0,handleDeleteClick
FNDA:0,handleDeleteConfirm
FNDA:0,handleAssignMentor
FNDA:0,handleUnassignMentor
FNDA:1,onClick
FNDA:0,onClick
FNDA:0,onClick
FNDA:0,onClick
FNDA:0,onOpenChange
FNDA:0,onClick
DA:1,1
DA:2,1
DA:3,1
DA:4,1
DA:5,1
DA:6,1
DA:7,1
DA:8,1
DA:9,1
DA:10,1
DA:11,1
DA:12,1
DA:13,1
DA:14,1
DA:15,1
DA:16,1
DA:17,1
DA:18,1
DA:19,1
DA:20,1
DA:21,1
DA:22,1
DA:23,1
DA:24,1
DA:25,1
DA:26,1
DA:27,1
DA:28,1
DA:29,1
DA:30,1
DA:31,1
DA:32,1
DA:33,1
DA:34,1
DA:35,4
DA:36,4
DA:37,4
DA:38,4
DA:39,4
DA:40,4
DA:41,4
DA:42,4
DA:43,4
DA:44,4
DA:45,1
DA:46,1
DA:47,1
DA:48,1
DA:49,1
DA:50,4
DA:51,4
DA:52,4
DA:53,1
DA:54,1
DA:55,1
DA:56,1
DA:57,1
DA:58,1
DA:59,1
DA:60,1
DA:61,1
DA:62,1
DA:63,1
DA:64,1
DA:65,0
DA:66,0
DA:67,1
DA:68,1
DA:69,1
DA:70,1
DA:71,3
DA:72,3
DA:73,3
DA:74,1
DA:75,1
DA:76,1
DA:77,4
DA:78,4
DA:79,4
DA:80,0
DA:81,0
DA:82,4
DA:83,4
DA:84,0
DA:85,0
DA:86,0
DA:87,0
DA:88,0
DA:89,0
DA:90,0
DA:91,0
DA:92,0
DA:93,0
DA:94,0
DA:95,0
DA:96,0
DA:97,0
DA:98,0
DA:99,0
DA:100,0
DA:101,0
DA:102,0
DA:103,0
DA:104,0
DA:105,0
DA:106,0
DA:107,0
DA:108,0
DA:109,0
DA:110,0
DA:111,0
DA:112,0
DA:113,0
DA:114,0
DA:115,0
DA:116,0
DA:117,0
DA:118,0
DA:119,0
DA:120,0
DA:121,0
DA:122,0
DA:123,0
DA:124,0
DA:125,0
DA:126,0
DA:127,0
DA:128,0
DA:129,0
DA:130,0
DA:131,4
DA:132,4
DA:133,0
DA:134,0
DA:135,0
DA:136,0
DA:137,0
DA:138,0
DA:139,0
DA:140,0
DA:141,0
DA:142,0
DA:143,0
DA:144,0
DA:145,0
DA:146,0
DA:147,0
DA:148,0
DA:149,0
DA:150,0
DA:151,0
DA:152,0
DA:153,0
DA:154,0
DA:155,0
DA:156,0
DA:157,0
DA:158,0
DA:159,0
DA:160,0
DA:161,0
DA:162,0
DA:163,4
DA:164,4
DA:165,0
DA:166,0
DA:167,0
DA:168,0
DA:169,0
DA:170,0
DA:171,0
DA:172,0
DA:173,0
DA:174,0
DA:175,0
DA:176,0
DA:177,0
DA:178,0
DA:179,0
DA:180,0
DA:181,0
DA:182,0
DA:183,4
DA:184,4
DA:185,2
DA:186,1
DA:187,1
DA:188,4
DA:189,4
DA:190,4
DA:191,4
DA:192,4
DA:193,4
DA:194,4
DA:195,4
DA:196,4
DA:197,4
DA:198,4
DA:199,4
DA:200,4
DA:201,4
DA:202,4
DA:203,4
DA:204,4
DA:205,4
DA:206,4
DA:207,4
DA:208,4
DA:209,4
DA:210,4
DA:211,4
DA:212,4
DA:213,4
DA:214,4
DA:215,4
DA:216,4
DA:217,4
DA:218,4
DA:219,4
DA:220,4
DA:221,4
DA:222,4
DA:223,4
DA:224,4
DA:225,4
DA:226,4
DA:227,4
DA:228,4
DA:229,4
DA:230,4
DA:231,4
DA:232,4
DA:233,4
DA:234,4
DA:235,4
DA:236,4
DA:237,4
DA:238,2
DA:239,1
DA:240,4
DA:241,4
DA:242,4
DA:243,4
DA:244,4
DA:245,4
DA:246,4
DA:247,4
DA:248,4
DA:249,4
DA:250,4
DA:251,4
DA:252,4
DA:253,4
DA:254,4
DA:255,4
DA:256,4
DA:257,4
DA:258,4
DA:259,4
DA:260,4
DA:261,0
DA:262,0
DA:263,0
DA:264,0
DA:265,0
DA:266,0
DA:267,0
DA:268,0
DA:269,0
DA:270,0
DA:271,0
DA:272,0
DA:273,0
DA:274,0
DA:275,0
DA:276,0
DA:277,0
DA:278,0
DA:279,4
DA:280,4
DA:281,4
DA:282,4
DA:283,4
DA:284,4
DA:285,4
DA:286,4
DA:287,4
DA:288,4
DA:289,4
DA:290,4
DA:291,4
DA:292,4
DA:293,4
DA:294,4
DA:295,4
DA:296,4
DA:297,4
DA:298,4
DA:299,4
DA:300,4
DA:301,4
DA:302,4
DA:303,4
DA:304,4
DA:305,4
DA:306,4
DA:307,4
DA:308,4
DA:309,4
DA:310,4
DA:311,4
DA:312,4
DA:313,4
DA:314,4
DA:315,4
DA:316,4
DA:317,4
DA:318,4
DA:319,4
DA:320,4
DA:321,4
DA:322,4
DA:323,4
DA:324,4
DA:325,4
DA:326,4
DA:327,4
DA:328,4
DA:329,4
DA:330,4
DA:331,4
DA:332,4
DA:333,4
DA:334,4
DA:335,4
DA:336,4
DA:337,4
DA:338,4
DA:339,4
DA:340,4
DA:341,4
DA:342,4
LF:342
LH:225
BRDA:34,0,0,4
BRDA:190,1,0,0
BRDA:214,2,0,0
BRDA:223,3,0,1
BRDA:223,4,0,3
BRDA:305,5,0,3
BRDA:320,6,0,0
BRDA:41,7,0,1
BRDA:44,8,0,1
BRDA:45,9,0,1
BRDA:47,10,0,0
BRDA:52,11,0,1
BRDA:64,12,0,0
BRDA:70,13,0,0
BRDA:70,14,0,3
BRDA:72,15,0,0
BRDA:184,16,0,2
BRDA:185,17,0,1
BRDA:195,18,0,1
BRDA:229,19,0,3
BRDA:237,20,0,2
BRDA:238,21,0,1
BRDA:245,22,0,0
BRDA:260,23,0,0
BRDA:287,24,0,0
BRF:25
BRH:15
end_of_record
TN:
SF:components/ui/button.tsx
FNF:0
FNH:0
DA:1,1
DA:2,1
DA:3,1
DA:4,1
DA:5,1
DA:6,1
DA:7,1
DA:8,1
DA:9,1
DA:10,1
DA:11,1
DA:12,1
DA:13,1
DA:14,1
DA:15,1
DA:16,1
DA:17,1
DA:18,1
DA:19,1
DA:20,1
DA:21,1
DA:22,1
DA:23,1
DA:24,1
DA:25,1
DA:26,1
DA:27,1
DA:28,1
DA:29,1
DA:30,1
DA:31,1
DA:32,1
DA:33,1
DA:34,1
DA:35,1
DA:36,1
DA:37,1
DA:38,1
DA:39,1
DA:40,1
DA:41,1
DA:42,1
DA:43,1
DA:44,12
DA:45,12
DA:46,12
DA:47,12
DA:48,12
DA:49,12
DA:50,12
DA:51,12
DA:52,12
DA:53,1
DA:54,1
DA:55,1
DA:56,1
LF:56
LH:56
BRDA:43,0,0,12
BRDA:44,1,0,0
BRF:2
BRH:1
end_of_record
TN:
SF:components/ui/card.tsx
FNF:0
FNH:0
DA:1,1
DA:2,1
DA:3,1
DA:4,1
DA:5,1
DA:6,1
DA:7,1
DA:8,1
DA:9,1
DA:10,1
DA:11,1
DA:12,1
DA:13,1
DA:14,1
DA:15,1
DA:16,1
DA:17,1
DA:18,1
DA:19,1
DA:20,1
DA:21,1
DA:22,1
DA:23,1
DA:24,1
DA:25,1
DA:26,1
DA:27,1
DA:28,1
DA:29,1
DA:30,1
DA:31,1
DA:32,1
DA:33,1
DA:34,1
DA:35,1
DA:36,1
DA:37,1
DA:38,1
DA:39,1
DA:40,1
DA:41,1
DA:42,1
DA:43,1
DA:44,1
DA:45,1
DA:46,1
DA:47,1
DA:48,1
DA:49,1
DA:50,1
DA:51,1
DA:52,1
DA:53,1
DA:54,1
DA:55,1
DA:56,1
DA:57,1
DA:58,1
DA:59,1
DA:60,1
DA:61,1
DA:62,1
DA:63,1
DA:64,1
DA:65,1
DA:66,1
DA:67,1
DA:68,1
DA:69,1
DA:70,1
DA:71,1
DA:72,1
DA:73,1
DA:74,1
DA:75,1
DA:76,1
DA:77,1
DA:78,1
DA:79,1
LF:79
LH:79
BRF:0
BRH:0
end_of_record
TN:
SF:components/ui/dialog.tsx
FNF:0
FNH:0
DA:1,1
DA:2,1
DA:3,1
DA:4,1
DA:5,1
DA:6,1
DA:7,1
DA:8,1
DA:9,1
DA:10,1
DA:11,1
DA:12,1
DA:13,1
DA:14,1
DA:15,1
DA:16,1
DA:17,1
DA:18,1
DA:19,1
DA:20,1
DA:21,1
DA:22,1
DA:23,1
DA:24,1
DA:25,1
DA:26,1
DA:27,1
DA:28,1
DA:29,1
DA:30,1
DA:31,1
DA:32,1
DA:33,1
DA:34,1
DA:35,1
DA:36,1
DA:37,1
DA:38,1
DA:39,1
DA:40,1
DA:41,1
DA:42,1
DA:43,1
DA:44,1
DA:45,1
DA:46,1
DA:47,1
DA:48,1
DA:49,1
DA:50,1
DA:51,1
DA:52,1
DA:53,1
DA:54,1
DA:55,1
DA:56,1
DA:57,1
DA:58,1
DA:59,1
DA:60,1
DA:61,1
DA:62,1
DA:63,1
DA:64,1
DA:65,1
DA:66,1
DA:67,1
DA:68,1
DA:69,1
DA:70,1
DA:71,1
DA:72,1
DA:73,1
DA:74,1
DA:75,1
DA:76,1
DA:77,1
DA:78,1
DA:79,1
DA:80,1
DA:81,1
DA:82,1
DA:83,1
DA:84,1
DA:85,1
DA:86,1
DA:87,1
DA:88,1
DA:89,1
DA:90,1
DA:91,1
DA:92,1
DA:93,1
DA:94,1
DA:95,1
DA:96,1
DA:97,1
DA:98,1
DA:99,1
DA:100,1
DA:101,1
DA:102,1
DA:103,1
DA:104,1
DA:105,1
DA:106,1
DA:107,1
DA:108,1
DA:109,1
DA:110,1
DA:111,1
DA:112,1
DA:113,1
DA:114,1
DA:115,1
DA:116,1
DA:117,1
DA:118,1
DA:119,1
DA:120,1
DA:121,1
DA:122,1
DA:123,1
DA:124,1
DA:125,1
DA:126,1
DA:127,1
DA:128,1
LF:128
LH:128
BRF:0
BRH:0
end_of_record
TN:
SF:lib/utils.ts
FN:4,cn
FNF:1
FNH:1
FNDA:32,cn
DA:1,1
DA:2,1
DA:3,1
DA:4,1
DA:5,32
DA:6,32
LF:6
LH:6
BRDA:4,0,0,32
BRF:1
BRH:1
end_of_record
TN:
SF:lib/ai/directionProfileEngine.ts
FN:19,extractZoneOfGenius
FN:26,extractGrowthEdge
FN:33,extractCapabilityTraps
FN:40,buildProfileContext
FN:139,generateDirectionProfile
FN:337,compressConversationHistory
FN:385,generateDirectionProfileCore
FN:527,generateDirectionProfileDetails
FN:596,generatePrograms
FN:660,generateCommitments
FN:720,generateVectorDetails
FNF:11
FNH:0
FNDA:0,extractZoneOfGenius
FNDA:0,extractGrowthEdge
FNDA:0,extractCapabilityTraps
FNDA:0,buildProfileContext
FNDA:0,generateDirectionProfile
FNDA:0,compressConversationHistory
FNDA:0,generateDirectionProfileCore
FNDA:0,generateDirectionProfileDetails
FNDA:0,generatePrograms
FNDA:0,generateCommitments
FNDA:0,generateVectorDetails
DA:1,1
DA:2,1
DA:3,1
DA:4,1
DA:5,1
DA:6,1
DA:7,1
DA:8,1
DA:9,1
DA:10,1
DA:11,1
DA:12,1
DA:13,1
DA:14,1
DA:15,1
DA:16,1
DA:17,1
DA:18,1
DA:19,1
DA:20,0
DA:21,0
DA:22,1
DA:23,1
DA:24,1
DA:25,1
DA:26,1
DA:27,0
DA:28,0
DA:29,1
DA:30,1
DA:31,1
DA:32,1
DA:33,1
DA:34,0
DA:35,0
DA:36,1
DA:37,1
DA:38,1
DA:39,1
DA:40,1
DA:41,0
DA:42,0
DA:43,0
DA:44,0
DA:45,0
DA:46,0
DA:47,0
DA:48,0
DA:49,0
DA:50,0
DA:51,0
DA:52,0
DA:53,0
DA:54,0
DA:55,0
DA:56,0
DA:57,0
DA:58,0
DA:59,0
DA:60,0
DA:61,0
DA:62,0
DA:63,0
DA:64,0
DA:65,0
DA:66,0
DA:67,0
DA:68,0
DA:69,0
DA:70,0
DA:71,0
DA:72,1
DA:73,1
DA:74,1
DA:75,1
DA:76,1
DA:77,1
DA:78,1
DA:79,1
DA:80,1
DA:81,1
DA:82,1
DA:83,1
DA:84,1
DA:85,1
DA:86,1
DA:87,1
DA:88,1
DA:89,1
DA:90,1
DA:91,1
DA:92,1
DA:93,1
DA:94,1
DA:95,1
DA:96,1
DA:97,1
DA:98,1
DA:99,1
DA:100,1
DA:101,1
DA:102,1
DA:103,1
DA:104,1
DA:105,1
DA:106,1
DA:107,1
DA:108,1
DA:109,1
DA:110,1
DA:111,1
DA:112,1
DA:113,1
DA:114,1
DA:115,1
DA:116,1
DA:117,1
DA:118,1
DA:119,1
DA:120,1
DA:121,1
DA:122,1
DA:123,1
DA:124,1
DA:125,1
DA:126,1
DA:127,1
DA:128,1
DA:129,1
DA:130,1
DA:131,1
DA:132,1
DA:133,1
DA:134,1
DA:135,1
DA:136,1
DA:137,1
DA:138,1
DA:139,1
DA:140,0
DA:141,0
DA:142,0
DA:143,0
DA:144,0
DA:145,0
DA:146,0
DA:147,0
DA:148,0
DA:149,0
DA:150,0
DA:151,0
DA:152,0
DA:153,0
DA:154,0
DA:155,0
DA:156,0
DA:157,0
DA:158,0
DA:159,0
DA:160,0
DA:161,0
DA:162,0
DA:163,0
DA:164,0
DA:165,0
DA:166,0
DA:167,0
DA:168,0
DA:169,0
DA:170,0
DA:171,0
DA:172,0
DA:173,0
DA:174,0
DA:175,0
DA:176,0
DA:177,0
DA:178,0
DA:179,0
DA:180,0
DA:181,0
DA:182,0
DA:183,0
DA:184,0
DA:185,0
DA:186,0
DA:187,0
DA:188,0
DA:189,0
DA:190,0
DA:191,0
DA:192,0
DA:193,0
DA:194,0
DA:195,0
DA:196,0
DA:197,0
DA:198,0
DA:199,0
DA:200,0
DA:201,0
DA:202,0
DA:203,0
DA:204,0
DA:205,0
DA:206,0
DA:207,0
DA:208,0
DA:209,0
DA:210,0
DA:211,0
DA:212,0
DA:213,0
DA:214,0
DA:215,0
DA:216,0
DA:217,0
DA:218,0
DA:219,0
DA:220,0
DA:221,0
DA:222,0
DA:223,0
DA:224,0
DA:225,0
DA:226,0
DA:227,0
DA:228,0
DA:229,0
DA:230,0
DA:231,0
DA:232,0
DA:233,0
DA:234,0
DA:235,0
DA:236,0
DA:237,0
DA:238,0
DA:239,0
DA:240,0
DA:241,0
DA:242,0
DA:243,0
DA:244,0
DA:245,0
DA:246,0
DA:247,0
DA:248,0
DA:249,0
DA:250,0
DA:251,0
DA:252,0
DA:253,0
DA:254,0
DA:255,0
DA:256,0
DA:257,0
DA:258,0
DA:259,0
DA:260,0
DA:261,0
DA:262,0
DA:263,0
DA:264,0
DA:265,0
DA:266,0
DA:267,0
DA:268,0
DA:269,0
DA:270,0
DA:271,0
DA:272,0
DA:273,0
DA:274,0
DA:275,0
DA:276,0
DA:277,0
DA:278,0
DA:279,0
DA:280,0
DA:281,0
DA:282,0
DA:283,0
DA:284,0
DA:285,0
DA:286,0
DA:287,0
DA:288,0
DA:289,0
DA:290,0
DA:291,0
DA:292,0
DA:293,0
DA:294,0
DA:295,0
DA:296,0
DA:297,0
DA:298,0
DA:299,0
DA:300,0
DA:301,0
DA:302,0
DA:303,0
DA:304,0
DA:305,0
DA:306,0
DA:307,0
DA:308,0
DA:309,0
DA:310,0
DA:311,0
DA:312,0
DA:313,0
DA:314,0
DA:315,0
DA:316,0
DA:317,0
DA:318,0
DA:319,0
DA:320,0
DA:321,0
DA:322,1
DA:323,1
DA:324,1
DA:325,1
DA:326,1
DA:327,1
DA:328,1
DA:329,1
DA:330,1
DA:331,1
DA:332,1
DA:333,1
DA:334,1
DA:335,1
DA:336,1
DA:337,1
DA:338,0
DA:339,0
DA:340,0
DA:341,0
DA:342,0
DA:343,0
DA:344,0
DA:345,0
DA:346,0
DA:347,0
DA:348,0
DA:349,0
DA:350,0
DA:351,0
DA:352,0
DA:353,0
DA:354,0
DA:355,0
DA:356,0
DA:357,0
DA:358,0
DA:359,0
DA:360,0
DA:361,0
DA:362,0
DA:363,0
DA:364,0
DA:365,0
DA:366,0
DA:367,0
DA:368,0
DA:369,0
DA:370,0
DA:371,0
DA:372,0
DA:373,0
DA:374,0
DA:375,0
DA:376,0
DA:377,0
DA:378,0
DA:379,0
DA:380,1
DA:381,1
DA:382,1
DA:383,1
DA:384,1
DA:385,1
DA:386,0
DA:387,0
DA:388,0
DA:389,0
DA:390,0
DA:391,0
DA:392,0
DA:393,0
DA:394,0
DA:395,0
DA:396,0
DA:397,0
DA:398,0
DA:399,0
DA:400,0
DA:401,0
DA:402,0
DA:403,0
DA:404,0
DA:405,0
DA:406,0
DA:407,0
DA:408,0
DA:409,0
DA:410,0
DA:411,0
DA:412,0
DA:413,0
DA:414,0
DA:415,0
DA:416,0
DA:417,0
DA:418,0
DA:419,0
DA:420,0
DA:421,0
DA:422,0
DA:423,0
DA:424,0
DA:425,0
DA:426,0
DA:427,0
DA:428,0
DA:429,0
DA:430,0
DA:431,0
DA:432,0
DA:433,0
DA:434,0
DA:435,0
DA:436,0
DA:437,0
DA:438,0
DA:439,0
DA:440,0
DA:441,0
DA:442,0
DA:443,0
DA:444,0
DA:445,0
DA:446,0
DA:447,0
DA:448,0
DA:449,0
DA:450,0
DA:451,0
DA:452,0
DA:453,0
DA:454,0
DA:455,0
DA:456,0
DA:457,0
DA:458,0
DA:459,0
DA:460,0
DA:461,0
DA:462,0
DA:463,0
DA:464,0
DA:465,0
DA:466,0
DA:467,0
DA:468,0
DA:469,0
DA:470,0
DA:471,0
DA:472,0
DA:473,0
DA:474,0
DA:475,0
DA:476,0
DA:477,0
DA:478,0
DA:479,0
DA:480,0
DA:481,0
DA:482,0
DA:483,0
DA:484,0
DA:485,0
DA:486,0
DA:487,0
DA:488,0
DA:489,0
DA:490,0
DA:491,0
DA:492,0
DA:493,0
DA:494,0
DA:495,0
DA:496,0
DA:497,0
DA:498,0
DA:499,0
DA:500,0
DA:501,0
DA:502,0
DA:503,0
DA:504,0
DA:505,0
DA:506,0
DA:507,0
DA:508,0
DA:509,0
DA:510,0
DA:511,0
DA:512,0
DA:513,0
DA:514,0
DA:515,0
DA:516,0
DA:517,0
DA:518,0
DA:519,0
DA:520,0
DA:521,0
DA:522,1
DA:523,1
DA:524,1
DA:525,1
DA:526,1
DA:527,1
DA:528,0
DA:529,0
DA:530,0
DA:531,0
DA:532,0
DA:533,0
DA:534,0
DA:535,0
DA:536,0
DA:537,0
DA:538,0
DA:539,0
DA:540,0
DA:541,0
DA:542,0
DA:543,0
DA:544,0
DA:545,0
DA:546,0
DA:547,0
DA:548,0
DA:549,0
DA:550,0
DA:551,0
DA:552,0
DA:553,0
DA:554,0
DA:555,0
DA:556,0
DA:557,0
DA:558,0
DA:559,0
DA:560,0
DA:561,0
DA:562,0
DA:563,0
DA:564,0
DA:565,0
DA:566,0
DA:567,0
DA:568,0
DA:569,0
DA:570,0
DA:571,0
DA:572,0
DA:573,0
DA:574,0
DA:575,0
DA:576,0
DA:577,0
DA:578,0
DA:579,0
DA:580,0
DA:581,0
DA:582,0
DA:583,0
DA:584,0
DA:585,0
DA:586,0
DA:587,0
DA:588,0
DA:589,0
DA:590,0
DA:591,1
DA:592,1
DA:593,1
DA:594,1
DA:595,1
DA:596,1
DA:597,0
DA:598,0
DA:599,0
DA:600,0
DA:601,0
DA:602,0
DA:603,0
DA:604,0
DA:605,0
DA:606,0
DA:607,0
DA:608,0
DA:609,0
DA:610,0
DA:611,0
DA:612,0
DA:613,0
DA:614,0
DA:615,0
DA:616,0
DA:617,0
DA:618,0
DA:619,0
DA:620,0
DA:621,0
DA:622,0
DA:623,0
DA:624,0
DA:625,0
DA:626,0
DA:627,0
DA:628,0
DA:629,0
DA:630,0
DA:631,0
DA:632,0
DA:633,0
DA:634,0
DA:635,0
DA:636,0
DA:637,0
DA:638,0
DA:639,0
DA:640,0
DA:641,0
DA:642,0
DA:643,0
DA:644,0
DA:645,0
DA:646,0
DA:647,0
DA:648,0
DA:649,0
DA:650,0
DA:651,0
DA:652,0
DA:653,0
DA:654,0
DA:655,1
DA:656,1
DA:657,1
DA:658,1
DA:659,1
DA:660,1
DA:661,0
DA:662,0
DA:663,0
DA:664,0
DA:665,0
DA:666,0
DA:667,0
DA:668,0
DA:669,0
DA:670,0
DA:671,0
DA:672,0
DA:673,0
DA:674,0
DA:675,0
DA:676,0
DA:677,0
DA:678,0
DA:679,0
DA:680,0
DA:681,0
DA:682,0
DA:683,0
DA:684,0
DA:685,0
DA:686,0
DA:687,0
DA:688,0
DA:689,0
DA:690,0
DA:691,0
DA:692,0
DA:693,0
DA:694,0
DA:695,0
DA:696,0
DA:697,0
DA:698,0
DA:699,0
DA:700,0
DA:701,0
DA:702,0
DA:703,0
DA:704,0
DA:705,0
DA:706,0
DA:707,0
DA:708,0
DA:709,0
DA:710,0
DA:711,0
DA:712,0
DA:713,0
DA:714,0
DA:715,1
DA:716,1
DA:717,1
DA:718,1
DA:719,1
DA:720,1
DA:721,0
DA:722,0
DA:723,0
DA:724,0
DA:725,0
DA:726,0
DA:727,0
DA:728,0
DA:729,0
DA:730,0
DA:731,0
DA:732,0
DA:733,0
DA:734,0
DA:735,0
DA:736,0
DA:737,0
DA:738,0
DA:739,0
DA:740,0
DA:741,0
DA:742,0
DA:743,0
DA:744,0
DA:745,0
DA:746,0
DA:747,0
DA:748,0
DA:749,0
DA:750,0
DA:751,0
DA:752,0
DA:753,0
DA:754,0
DA:755,0
DA:756,0
DA:757,0
DA:758,0
DA:759,0
DA:760,0
DA:761,0
DA:762,0
DA:763,0
DA:764,0
DA:765,0
DA:766,0
DA:767,0
DA:768,0
DA:769,0
DA:770,0
DA:771,0
DA:772,0
DA:773,0
DA:774,0
DA:775,0
DA:776,0
DA:777,0
DA:778,0
DA:779,0
DA:780,0
DA:781,0
DA:782,0
DA:783,0
DA:784,0
DA:785,0
DA:786,0
DA:787,0
DA:788,0
DA:789,0
DA:790,0
DA:791,0
DA:792,0
DA:793,0
DA:794,0
DA:795,0
DA:796,0
DA:797,0
DA:798,0
DA:799,0
LF:799
LH:148
BRF:0
BRH:0
end_of_record
TN:
SF:lib/ai/modelRegistry.ts
FN:58,getAllModels
FN:68,normalizeModelName
FN:88,getModel
FNF:3
FNH:0
FNDA:0,getAllModels
FNDA:0,normalizeModelName
FNDA:0,getModel
DA:1,1
DA:2,1
DA:3,1
DA:4,1
DA:5,1
DA:6,1
DA:7,1
DA:8,1
DA:9,1
DA:10,1
DA:11,1
DA:12,1
DA:13,1
DA:14,1
DA:15,1
DA:16,1
DA:17,1
DA:18,1
DA:19,1
DA:20,1
DA:21,1
DA:22,1
DA:23,1
DA:24,1
DA:25,1
DA:26,1
DA:27,1
DA:28,1
DA:29,1
DA:30,1
DA:31,1
DA:32,1
DA:33,1
DA:34,1
DA:35,1
DA:36,1
DA:37,1
DA:38,1
DA:39,1
DA:40,1
DA:41,1
DA:42,1
DA:43,1
DA:44,1
DA:45,1
DA:46,1
DA:47,1
DA:48,1
DA:49,1
DA:50,1
DA:51,1
DA:52,1
DA:53,1
DA:54,1
DA:55,1
DA:56,1
DA:57,1
DA:58,1
DA:59,0
DA:60,0
DA:61,0
DA:62,0
DA:63,1
DA:64,1
DA:65,1
DA:66,1
DA:67,1
DA:68,1
DA:69,0
DA:70,0
DA:71,0
DA:72,0
DA:73,0
DA:74,0
DA:75,0
DA:76,0
DA:77,0
DA:78,0
DA:79,0
DA:80,0
DA:81,0
DA:82,0
DA:83,0
DA:84,0
DA:85,0
DA:86,0
DA:87,1
DA:88,1
DA:89,0
DA:90,0
DA:91,0
DA:92,0
DA:93,0
DA:94,0
DA:95,0
DA:96,0
DA:97,0
DA:98,0
DA:99,0
DA:100,0
DA:101,0
DA:102,0
DA:103,0
DA:104,0
DA:105,0
DA:106,0
DA:107,0
DA:108,0
DA:109,0
DA:110,0
DA:111,0
DA:112,0
DA:113,0
DA:114,0
DA:115,0
DA:116,0
DA:117,0
DA:118,0
DA:119,0
DA:120,0
DA:121,0
DA:122,0
DA:123,0
DA:124,0
DA:125,0
DA:126,0
LF:126
LH:66
BRF:0
BRH:0
end_of_record
TN:
SF:lib/ai/modelSelector.ts
FN:45,hashUserIdToRange
FN:64,selectModelForUser
FN:88,getUserModelBucket
FN:119,getAllModelBuckets
FN:129,validateModelBuckets
FNF:5
FNH:2
FNDA:0,hashUserIdToRange
FNDA:0,selectModelForUser
FNDA:0,getUserModelBucket
FNDA:1,getAllModelBuckets
FNDA:1,validateModelBuckets
DA:1,1
DA:2,1
DA:3,1
DA:4,1
DA:5,1
DA:6,1
DA:7,1
DA:8,1
DA:9,1
DA:10,1
DA:11,1
DA:12,1
DA:13,1
DA:14,1
DA:15,1
DA:16,1
DA:17,1
DA:18,1
DA:19,1
DA:20,1
DA:21,1
DA:22,1
DA:23,1
DA:24,1
DA:25,1
DA:26,1
DA:27,1
DA:28,1
DA:29,1
DA:30,1
DA:31,1
DA:32,1
DA:33,1
DA:34,1
DA:35,1
DA:36,1
DA:37,1
DA:38,1
DA:39,1
DA:40,1
DA:41,1
DA:42,1
DA:43,1
DA:44,1
DA:45,0
DA:46,0
DA:47,0
DA:48,0
DA:49,0
DA:50,0
DA:51,1
DA:52,1
DA:53,1
DA:54,1
DA:55,1
DA:56,1
DA:57,1
DA:58,1
DA:59,1
DA:60,1
DA:61,1
DA:62,1
DA:63,1
DA:64,1
DA:65,0
DA:66,0
DA:67,0
DA:68,0
DA:69,0
DA:70,0
DA:71,0
DA:72,0
DA:73,0
DA:74,0
DA:75,0
DA:76,0
DA:77,0
DA:78,0
DA:79,0
DA:80,1
DA:81,1
DA:82,1
DA:83,1
DA:84,1
DA:85,1
DA:86,1
DA:87,1
DA:88,1
DA:89,0
DA:90,0
DA:91,0
DA:92,0
DA:93,0
DA:94,0
DA:95,0
DA:96,0
DA:97,0
DA:98,0
DA:99,0
DA:100,0
DA:101,0
DA:102,0
DA:103,0
DA:104,0
DA:105,0
DA:106,0
DA:107,0
DA:108,0
DA:109,0
DA:110,0
DA:111,0
DA:112,1
DA:113,1
DA:114,1
DA:115,1
DA:116,1
DA:117,1
DA:118,1
DA:119,1
DA:120,1
DA:121,1
DA:122,1
DA:123,1
DA:124,1
DA:125,1
DA:126,1
DA:127,1
DA:128,1
DA:129,1
DA:130,1
DA:131,1
DA:132,1
DA:133,1
DA:134,1
DA:135,0
DA:136,0
DA:137,1
DA:138,1
DA:139,1
DA:140,1
DA:141,0
DA:142,0
DA:143,1
DA:144,1
DA:145,1
DA:146,5
DA:147,5
DA:148,5
DA:149,5
DA:150,0
DA:151,0
DA:152,0
DA:153,0
DA:154,5
DA:155,1
DA:156,1
DA:157,1
DA:158,1
DA:159,0
DA:160,0
DA:161,1
DA:162,1
DA:163,1
DA:164,1
DA:165,1
DA:166,1
LF:166
LH:112
BRDA:119,0,0,1
BRDA:129,1,0,1
BRDA:134,2,0,0
BRDA:140,3,0,0
BRDA:145,4,0,5
BRDA:149,5,0,0
BRDA:158,6,0,0
BRDA:131,7,0,5
BRDA:157,8,0,6
BRF:9
BRH:5
end_of_record
TN:
SF:lib/ai/pathlab-generator-prompts.ts
FN:14,isUnsafePathLabPrompt
FN:61,buildPathLabSystemPrompt
FN:75,buildPathLabDraftPrompt
FN:163,buildDayRegeneratePrompt
FN:192,buildNodeRegeneratePrompt
FNF:5
FNH:2
FNDA:1,isUnsafePathLabPrompt
FNDA:0,buildPathLabSystemPrompt
FNDA:2,buildPathLabDraftPrompt
FNDA:0,buildDayRegeneratePrompt
FNDA:0,buildNodeRegeneratePrompt
DA:1,1
DA:2,1
DA:3,1
DA:4,1
DA:5,1
DA:6,1
DA:7,1
DA:8,1
DA:9,1
DA:10,1
DA:11,1
DA:12,1
DA:13,1
DA:14,1
DA:15,1
DA:16,1
DA:17,1
DA:18,1
DA:19,1
DA:20,1
DA:21,1
DA:22,1
DA:23,1
DA:24,1
DA:25,1
DA:26,1
DA:27,1
DA:28,1
DA:29,1
DA:30,1
DA:31,0
DA:32,1
DA:33,1
DA:34,1
DA:35,1
DA:36,1
DA:37,0
DA:38,0
DA:39,0
DA:40,0
DA:41,0
DA:42,0
DA:43,0
DA:44,0
DA:45,0
DA:46,0
DA:47,0
DA:48,0
DA:49,0
DA:50,0
DA:51,1
DA:52,1
DA:53,1
DA:54,1
DA:55,1
DA:56,1
DA:57,1
DA:58,1
DA:59,1
DA:60,1
DA:61,1
DA:62,0
DA:63,0
DA:64,0
DA:65,0
DA:66,0
DA:67,0
DA:68,0
DA:69,0
DA:70,0
DA:71,0
DA:72,0
DA:73,0
DA:74,1
DA:75,1
DA:76,2
DA:77,2
DA:78,1
DA:79,1
DA:80,1
DA:81,1
DA:82,2
DA:83,2
DA:84,2
DA:85,1
DA:86,1
DA:87,1
DA:88,1
DA:89,1
DA:90,1
DA:91,1
DA:92,1
DA:93,1
DA:94,2
DA:95,2
DA:96,1
DA:97,1
DA:98,1
DA:99,1
DA:100,1
DA:101,1
DA:102,1
DA:103,0
DA:104,1
DA:105,0
DA:106,1
DA:107,1
DA:108,1
DA:109,0
DA:110,1
DA:111,1
DA:112,0
DA:113,1
DA:114,1
DA:115,0
DA:116,1
DA:117,1
DA:118,0
DA:119,1
DA:120,1
DA:121,1
DA:122,1
DA:123,2
DA:124,2
DA:125,1
DA:126,1
DA:127,1
DA:128,1
DA:129,1
DA:130,1
DA:131,1
DA:132,1
DA:133,1
DA:134,2
DA:135,2
DA:136,2
DA:137,2
DA:138,2
DA:139,2
DA:140,2
DA:141,2
DA:142,2
DA:143,2
DA:144,2
DA:145,2
DA:146,2
DA:147,2
DA:148,2
DA:149,2
DA:150,2
DA:151,2
DA:152,2
DA:153,2
DA:154,2
DA:155,2
DA:156,2
DA:157,2
DA:158,2
DA:159,2
DA:160,2
DA:161,2
DA:162,1
DA:163,1
DA:164,0
DA:165,0
DA:166,0
DA:167,0
DA:168,0
DA:169,0
DA:170,0
DA:171,0
DA:172,0
DA:173,0
DA:174,0
DA:175,0
DA:176,0
DA:177,0
DA:178,0
DA:179,0
DA:180,0
DA:181,0
DA:182,0
DA:183,0
DA:184,0
DA:185,0
DA:186,0
DA:187,0
DA:188,0
DA:189,0
DA:190,0
DA:191,1
DA:192,1
DA:193,0
DA:194,0
DA:195,0
DA:196,0
DA:197,0
DA:198,0
DA:199,0
DA:200,0
DA:201,0
DA:202,0
DA:203,0
DA:204,0
DA:205,0
DA:206,0
DA:207,0
DA:208,0
DA:209,0
DA:210,0
DA:211,0
DA:212,0
DA:213,0
DA:214,0
DA:215,0
DA:216,0
DA:217,0
DA:218,0
LF:218
LH:132
BRDA:14,0,0,1
BRDA:29,1,0,0
BRDA:31,2,0,0
BRDA:37,3,0,0
BRDA:55,4,0,0
BRDA:58,5,0,4
BRDA:75,6,0,2
BRDA:77,7,0,1
BRDA:78,8,0,0
BRDA:78,9,0,1
BRDA:79,10,0,0
BRDA:79,11,0,1
BRDA:80,12,0,0
BRDA:80,13,0,1
BRDA:81,14,0,0
BRDA:84,15,0,1
BRDA:84,16,0,1
BRDA:92,17,0,1
BRDA:96,18,0,1
BRDA:103,19,0,0
BRDA:105,20,0,0
BRDA:109,21,0,0
BRDA:112,22,0,0
BRDA:115,23,0,0
BRDA:118,24,0,0
BRDA:121,25,0,1
BRDA:124,26,0,1
BRDA:128,27,0,0
BRDA:129,28,0,0
BRDA:130,29,0,0
BRDA:131,30,0,0
BRDA:131,31,0,0
BRDA:132,32,0,1
BRDA:143,33,0,0
BRDA:158,34,0,1
BRDA:158,35,0,1
BRDA:89,36,0,5
BRF:37
BRH:17
end_of_record
TN:
SF:lib/expert-interview/chat-service.ts
FN:114,getFirstQuestion
FN:118,getTotalQuestions
FN:122,getInterviewQuestions
FN:131,processInterviewMessage
FN:202,evaluateAndRespond
FN:238,extractCareerData
FNF:6
FNH:3
FNDA:1,getFirstQuestion
FNDA:1,getTotalQuestions
FNDA:1,getInterviewQuestions
FNDA:0,processInterviewMessage
FNDA:0,evaluateAndRespond
FNDA:0,extractCareerData
DA:1,1
DA:2,1
DA:3,1
DA:4,1
DA:5,1
DA:6,1
DA:7,1
DA:8,1
DA:9,1
DA:10,1
DA:11,1
DA:12,1
DA:13,1
DA:14,1
DA:15,1
DA:16,1
DA:17,1
DA:18,1
DA:19,1
DA:20,1
DA:21,1
DA:22,1
DA:23,1
DA:24,1
DA:25,1
DA:26,1
DA:27,1
DA:28,1
DA:29,1
DA:30,1
DA:31,1
DA:32,1
DA:33,1
DA:34,1
DA:35,1
DA:36,1
DA:37,1
DA:38,1
DA:39,1
DA:40,1
DA:41,1
DA:42,1
DA:43,1
DA:44,1
DA:45,1
DA:46,1
DA:47,1
DA:48,1
DA:49,1
DA:50,1
DA:51,1
DA:52,1
DA:53,1
DA:54,1
DA:55,1
DA:56,1
DA:57,1
DA:58,1
DA:59,1
DA:60,1
DA:61,1
DA:62,1
DA:63,1
DA:64,1
DA:65,1
DA:66,1
DA:67,1
DA:68,1
DA:69,1
DA:70,1
DA:71,1
DA:72,1
DA:73,1
DA:74,1
DA:75,1
DA:76,1
DA:77,1
DA:78,1
DA:79,1
DA:80,1
DA:81,1
DA:82,1
DA:83,1
DA:84,1
DA:85,1
DA:86,1
DA:87,1
DA:88,1
DA:89,1
DA:90,1
DA:91,1
DA:92,1
DA:93,1
DA:94,1
DA:95,1
DA:96,1
DA:97,1
DA:98,1
DA:99,1
DA:100,1
DA:101,1
DA:102,1
DA:103,1
DA:104,1
DA:105,1
DA:106,1
DA:107,1
DA:108,1
DA:109,1
DA:110,1
DA:111,1
DA:112,1
DA:113,1
DA:114,1
DA:115,1
DA:116,1
DA:117,1
DA:118,1
DA:119,1
DA:120,1
DA:121,1
DA:122,1
DA:123,1
DA:124,8
DA:125,8
DA:126,8
DA:127,1
DA:128,1
DA:129,1
DA:130,1
DA:131,1
DA:132,0
DA:133,0
DA:134,0
DA:135,0
DA:136,0
DA:137,0
DA:138,0
DA:139,0
DA:140,0
DA:141,0
DA:142,0
DA:143,0
DA:144,0
DA:145,0
DA:146,0
DA:147,0
DA:148,0
DA:149,0
DA:150,0
DA:151,0
DA:152,0
DA:153,0
DA:154,0
DA:155,0
DA:156,0
DA:157,0
DA:158,0
DA:159,0
DA:160,0
DA:161,0
DA:162,0
DA:163,0
DA:164,0
DA:165,0
DA:166,0
DA:167,0
DA:168,0
DA:169,0
DA:170,0
DA:171,0
DA:172,0
DA:173,0
DA:174,0
DA:175,0
DA:176,0
DA:177,0
DA:178,0
DA:179,0
DA:180,0
DA:181,0
DA:182,0
DA:183,0
DA:184,0
DA:185,0
DA:186,0
DA:187,0
DA:188,0
DA:189,0
DA:190,0
DA:191,0
DA:192,0
DA:193,0
DA:194,0
DA:195,0
DA:196,1
DA:197,1
DA:198,1
DA:199,1
DA:200,1
DA:201,1
DA:202,0
DA:203,0
DA:204,0
DA:205,0
DA:206,0
DA:207,0
DA:208,0
DA:209,0
DA:210,0
DA:211,0
DA:212,0
DA:213,0
DA:214,0
DA:215,0
DA:216,0
DA:217,0
DA:218,0
DA:219,0
DA:220,0
DA:221,0
DA:222,0
DA:223,0
DA:224,0
DA:225,0
DA:226,0
DA:227,0
DA:228,0
DA:229,0
DA:230,0
DA:231,0
DA:232,0
DA:233,0
DA:234,0
DA:235,0
DA:236,0
DA:237,1
DA:238,0
DA:239,0
DA:240,0
DA:241,0
DA:242,0
DA:243,0
DA:244,0
DA:245,0
DA:246,0
DA:247,0
DA:248,0
DA:249,0
DA:250,0
DA:251,0
DA:252,0
DA:253,0
DA:254,0
DA:255,0
DA:256,0
DA:257,0
DA:258,0
DA:259,0
DA:260,0
DA:261,0
DA:262,0
DA:263,0
DA:264,0
DA:265,0
DA:266,0
DA:267,0
DA:268,0
DA:269,0
DA:270,0
LF:270
LH:138
BRDA:114,0,0,1
BRDA:118,1,0,1
BRDA:122,2,0,1
BRDA:123,3,0,8
BRF:4
BRH:4
end_of_record
TN:
SF:lib/expert-interview/pathlab-transformer.ts
FN:5,transformExpertDataToPathLabRequest
FN:38,buildConstraints
FN:94,buildLearningObjectives
FN:98,buildExpertContext
FN:127,assessFieldDifficulty
FNF:5
FNH:5
FNDA:1,transformExpertDataToPathLabRequest
FNDA:1,buildConstraints
FNDA:1,buildLearningObjectives
FNDA:1,buildExpertContext
FNDA:1,assessFieldDifficulty
DA:1,1
DA:2,1
DA:3,1
DA:4,1
DA:5,1
DA:6,1
DA:7,1
DA:8,1
DA:9,1
DA:10,1
DA:11,1
DA:12,1
DA:13,1
DA:14,1
DA:15,1
DA:16,1
DA:17,1
DA:18,1
DA:19,1
DA:20,1
DA:21,1
DA:22,1
DA:23,1
DA:24,1
DA:25,1
DA:26,1
DA:27,1
DA:28,1
DA:29,1
DA:30,1
DA:31,1
DA:32,1
DA:33,1
DA:34,1
DA:35,1
DA:36,1
DA:37,1
DA:38,1
DA:39,1
DA:40,1
DA:41,1
DA:42,1
DA:43,1
DA:44,1
DA:45,1
DA:46,1
DA:47,1
DA:48,1
DA:49,1
DA:50,1
DA:51,1
DA:52,1
DA:53,1
DA:54,1
DA:55,1
DA:56,1
DA:57,1
DA:58,1
DA:59,1
DA:60,1
DA:61,1
DA:62,1
DA:63,1
DA:64,1
DA:65,1
DA:66,1
DA:67,1
DA:68,1
DA:69,1
DA:70,1
DA:71,1
DA:72,1
DA:73,1
DA:74,1
DA:75,1
DA:76,1
DA:77,1
DA:78,1
DA:79,1
DA:80,1
DA:81,1
DA:82,1
DA:83,1
DA:84,1
DA:85,1
DA:86,1
DA:87,1
DA:88,1
DA:89,1
DA:90,1
DA:91,1
DA:92,1
DA:93,1
DA:94,1
DA:95,1
DA:96,1
DA:97,1
DA:98,1
DA:99,1
DA:100,1
DA:101,1
DA:102,1
DA:103,1
DA:104,1
DA:105,1
DA:106,1
DA:107,1
DA:108,1
DA:109,1
DA:110,1
DA:111,1
DA:112,1
DA:113,1
DA:114,1
DA:115,1
DA:116,1
DA:117,1
DA:118,1
DA:119,1
DA:120,1
DA:121,1
DA:122,1
DA:123,1
DA:124,1
DA:125,1
DA:126,1
DA:127,1
DA:128,1
DA:129,1
DA:130,1
DA:131,1
DA:132,1
DA:133,1
DA:134,1
DA:135,1
DA:136,1
DA:137,1
DA:138,1
DA:139,1
DA:140,1
DA:141,1
DA:142,1
DA:143,0
DA:144,0
LF:144
LH:142
BRDA:5,0,0,1
BRDA:17,1,0,0
BRDA:18,2,0,0
BRDA:19,3,0,0
BRDA:20,4,0,0
BRDA:38,5,0,1
BRDA:94,6,0,1
BRDA:98,7,0,1
BRDA:113,8,0,0
BRDA:116,9,0,0
BRDA:117,10,0,0
BRDA:118,11,0,0
BRDA:119,12,0,0
BRDA:119,13,0,0
BRDA:120,14,0,0
BRDA:120,15,0,0
BRDA:121,16,0,0
BRDA:121,17,0,0
BRDA:122,18,0,0
BRDA:127,19,0,1
BRDA:141,20,0,0
BRDA:142,21,0,0
BRDA:141,22,0,6
BRDA:142,23,0,1
BRF:24
BRH:7
end_of_record
TN:
SF:lib/expert-interview/quest-blueprint.ts
FN:36,normalizeQuestBlueprint
FNF:1
FNH:1
FNDA:2,normalizeQuestBlueprint
DA:1,1
DA:2,1
DA:3,1
DA:4,1
DA:5,1
DA:6,1
DA:7,1
DA:8,1
DA:9,1
DA:10,1
DA:11,1
DA:12,1
DA:13,1
DA:14,1
DA:15,1
DA:16,1
DA:17,1
DA:18,1
DA:19,1
DA:20,1
DA:21,1
DA:22,1
DA:23,1
DA:24,1
DA:25,1
DA:26,1
DA:27,1
DA:28,1
DA:29,1
DA:30,1
DA:31,1
DA:32,1
DA:33,1
DA:34,1
DA:35,1
DA:36,1
DA:37,2
DA:38,2
DA:39,2
DA:40,2
DA:41,2
DA:42,10
DA:43,10
DA:44,10
DA:45,1
DA:46,1
DA:47,9
DA:48,9
DA:49,10
DA:50,10
DA:51,10
DA:52,10
DA:53,10
DA:54,10
DA:55,10
DA:56,2
DA:57,2
DA:58,2
DA:59,2
DA:60,2
DA:61,2
DA:62,2
DA:63,2
DA:64,2
DA:65,2
LF:65
LH:65
BRDA:36,0,0,2
BRDA:39,1,0,0
BRDA:59,2,0,1
BRDA:60,3,0,1
BRDA:61,4,0,1
BRDA:62,5,0,1
BRDA:41,6,0,10
BRDA:44,7,0,1
BRDA:46,8,0,9
BRDA:49,9,0,4
BRDA:50,10,0,0
BRDA:51,11,0,0
BRDA:53,12,0,0
BRF:13
BRH:9
end_of_record
TN:
SF:lib/ps-b2b/discovery.ts
FN:3,normalizeText
FN:7,safeNumber
FN:12,slugify
FN:20,getDomain
FN:28,hasKeywordMatch
FN:41,hasGeographyMatch
FN:47,toLeadId
FN:54,discoverLeads
FN:101,toSeedFromEnriched
FNF:9
FNH:8
FNDA:4,normalizeText
FNDA:2,safeNumber
FNDA:1,slugify
FNDA:2,getDomain
FNDA:2,hasKeywordMatch
FNDA:2,hasGeographyMatch
FNDA:1,toLeadId
FNDA:1,discoverLeads
FNDA:0,toSeedFromEnriched
DA:1,1
DA:2,1
DA:3,4
DA:4,4
DA:5,4
DA:6,1
DA:7,2
DA:8,2
DA:9,2
DA:10,2
DA:11,1
DA:12,1
DA:13,1
DA:14,1
DA:15,1
DA:16,1
DA:17,1
DA:18,1
DA:19,1
DA:20,2
DA:21,2
DA:22,2
DA:23,2
DA:24,0
DA:25,0
DA:26,2
DA:27,1
DA:28,2
DA:29,2
DA:30,2
DA:31,2
DA:32,2
DA:33,2
DA:34,2
DA:35,2
DA:36,2
DA:37,2
DA:38,2
DA:39,2
DA:40,1
DA:41,2
DA:42,2
DA:43,2
DA:44,2
DA:45,2
DA:46,1
DA:47,1
DA:48,1
DA:49,1
DA:50,1
DA:51,0
DA:52,0
DA:53,1
DA:54,1
DA:55,1
DA:56,1
DA:57,1
DA:58,1
DA:59,1
DA:60,1
DA:61,1
DA:62,1
DA:63,1
DA:64,2
DA:65,2
DA:66,2
DA:67,2
DA:68,1
DA:69,1
DA:70,1
DA:71,1
DA:72,2
DA:73,0
DA:74,0
DA:75,1
DA:76,1
DA:77,1
DA:78,1
DA:79,2
DA:80,0
DA:81,0
DA:82,1
DA:83,1
DA:84,1
DA:85,1
DA:86,1
DA:87,2
DA:88,2
DA:89,1
DA:90,1
DA:91,1
DA:92,1
DA:93,1
DA:94,2
DA:95,2
DA:96,2
DA:97,1
DA:98,1
DA:99,1
DA:100,1
DA:101,1
DA:102,0
DA:103,0
DA:104,0
DA:105,0
DA:106,0
DA:107,0
DA:108,0
DA:109,0
DA:110,0
DA:111,0
DA:112,0
DA:113,0
DA:114,0
LF:114
LH:93
BRDA:3,0,0,4
BRDA:4,1,0,0
BRDA:7,2,0,2
BRDA:8,3,0,0
BRDA:12,4,0,1
BRDA:20,5,0,2
BRDA:23,6,0,0
BRDA:28,7,0,2
BRDA:29,8,0,0
BRDA:34,9,0,0
BRDA:38,10,0,3
BRDA:41,11,0,2
BRDA:42,12,0,0
BRDA:44,13,0,2
BRDA:47,14,0,1
BRDA:48,15,0,0
BRDA:48,16,0,0
BRDA:50,17,0,0
BRDA:54,18,0,1
BRDA:58,19,0,0
BRDA:59,20,0,0
BRDA:63,21,0,2
BRDA:64,22,0,0
BRDA:66,23,0,0
BRDA:67,24,0,1
BRDA:72,25,0,0
BRDA:74,26,0,1
BRDA:79,27,0,0
BRDA:81,28,0,1
BRDA:87,29,0,0
BRDA:88,30,0,0
BRDA:87,31,0,3
BRDA:88,32,0,1
BRDA:92,33,0,0
BRF:34
BRH:16
end_of_record
TN:
SF:lib/ps-b2b/enrichment.ts
FN:32,normalizedText
FN:39,findKeywordSignals
FN:43,inferDomain
FN:51,inferEmailPatterns
FN:81,buildRedFlags
FN:90,toLeadId
FN:96,enrichLead
FN:131,enrichLeads
FNF:8
FNH:8
FNDA:1,normalizedText
FNDA:3,findKeywordSignals
FNDA:1,inferDomain
FNDA:1,inferEmailPatterns
FNDA:1,buildRedFlags
FNDA:1,toLeadId
FNDA:1,enrichLead
FNDA:1,enrichLeads
DA:1,1
DA:2,1
DA:3,1
DA:4,1
DA:5,1
DA:6,1
DA:7,1
DA:8,1
DA:9,1
DA:10,1
DA:11,1
DA:12,1
DA:13,1
DA:14,1
DA:15,1
DA:16,1
DA:17,1
DA:18,1
DA:19,1
DA:20,1
DA:21,1
DA:22,1
DA:23,1
DA:24,1
DA:25,1
DA:26,1
DA:27,1
DA:28,1
DA:29,1
DA:30,1
DA:31,1
DA:32,1
DA:33,1
DA:34,1
DA:35,1
DA:36,1
DA:37,1
DA:38,1
DA:39,3
DA:40,3
DA:41,3
DA:42,1
DA:43,1
DA:44,1
DA:45,1
DA:46,1
DA:47,0
DA:48,0
DA:49,1
DA:50,1
DA:51,1
DA:52,1
DA:53,1
DA:54,1
DA:55,1
DA:56,1
DA:57,1
DA:58,1
DA:59,1
DA:60,1
DA:61,1
DA:62,1
DA:63,1
DA:64,1
DA:65,1
DA:66,1
DA:67,1
DA:68,1
DA:69,1
DA:70,1
DA:71,1
DA:72,1
DA:73,1
DA:74,0
DA:75,0
DA:76,0
DA:77,1
DA:78,1
DA:79,1
DA:80,1
DA:81,1
DA:82,1
DA:83,1
DA:84,1
DA:85,1
DA:86,1
DA:87,1
DA:88,1
DA:89,1
DA:90,1
DA:91,1
DA:92,0
DA:93,0
DA:94,0
DA:95,1
DA:96,1
DA:97,1
DA:98,1
DA:99,1
DA:100,1
DA:101,1
DA:102,1
DA:103,1
DA:104,1
DA:105,1
DA:106,1
DA:107,1
DA:108,1
DA:109,1
DA:110,1
DA:111,1
DA:112,1
DA:113,1
DA:114,1
DA:115,1
DA:116,1
DA:117,1
DA:118,1
DA:119,1
DA:120,1
DA:121,1
DA:122,1
DA:123,1
DA:124,1
DA:125,1
DA:126,1
DA:127,1
DA:128,1
DA:129,1
DA:130,1
DA:131,1
DA:132,1
DA:133,1
LF:133
LH:125
BRDA:32,0,0,1
BRDA:33,1,0,0
BRDA:39,2,0,3
BRDA:40,3,0,20
BRDA:43,4,0,1
BRDA:46,5,0,0
BRDA:51,6,0,1
BRDA:53,7,0,0
BRDA:56,8,0,0
BRDA:63,9,0,0
BRDA:68,10,0,0
BRDA:69,11,0,0
BRDA:70,12,0,0
BRDA:73,13,0,0
BRDA:73,14,0,0
BRDA:73,15,0,0
BRDA:78,16,0,1
BRDA:81,17,0,1
BRDA:83,18,0,0
BRDA:84,19,0,0
BRDA:85,20,0,0
BRDA:86,21,0,0
BRDA:90,22,0,1
BRDA:91,23,0,0
BRDA:96,24,0,1
BRDA:99,25,0,0
BRDA:121,26,0,0
BRDA:99,27,0,1
BRDA:103,28,0,0
BRDA:131,29,0,1
BRF:30
BRH:11
end_of_record
TN:
SF:lib/ps-b2b/feedback.ts
FN:17,round2
FN:21,clamp
FN:25,normalizeWeights
FN:60,dimensionFromRejectionReason
FN:78,initSegmentMetrics
FN:92,buildMessagingInsights
FN:115,applyFeedbackLearning
FNF:7
FNH:7
FNDA:16,round2
FNDA:5,clamp
FNDA:1,normalizeWeights
FNDA:1,dimensionFromRejectionReason
FNDA:2,initSegmentMetrics
FNDA:1,buildMessagingInsights
FNDA:1,applyFeedbackLearning
DA:1,1
DA:2,1
DA:3,1
DA:4,1
DA:5,1
DA:6,1
DA:7,1
DA:8,1
DA:9,1
DA:10,1
DA:11,1
DA:12,1
DA:13,1
DA:14,1
DA:15,1
DA:16,1
DA:17,16
DA:18,16
DA:19,16
DA:20,1
DA:21,5
DA:22,5
DA:23,5
DA:24,1
DA:25,1
DA:26,1
DA:27,1
DA:28,1
DA:29,1
DA:30,1
DA:31,1
DA:32,1
DA:33,1
DA:34,0
DA:35,0
DA:36,0
DA:37,0
DA:38,0
DA:39,0
DA:40,0
DA:41,0
DA:42,1
DA:43,1
DA:44,1
DA:45,1
DA:46,1
DA:47,1
DA:48,1
DA:49,1
DA:50,1
DA:51,1
DA:52,1
DA:53,1
DA:54,1
DA:55,1
DA:56,1
DA:57,1
DA:58,1
DA:59,1
DA:60,1
DA:61,1
DA:62,1
DA:63,1
DA:64,0
DA:65,0
DA:66,1
DA:67,0
DA:68,0
DA:69,1
DA:70,0
DA:71,0
DA:72,1
DA:73,0
DA:74,0
DA:75,0
DA:76,0
DA:77,1
DA:78,2
DA:79,2
DA:80,2
DA:81,2
DA:82,2
DA:83,2
DA:84,2
DA:85,2
DA:86,2
DA:87,2
DA:88,2
DA:89,2
DA:90,2
DA:91,1
DA:92,1
DA:93,1
DA:94,1
DA:95,1
DA:96,1
DA:97,1
DA:98,1
DA:99,1
DA:100,1
DA:101,1
DA:102,1
DA:103,1
DA:104,1
DA:105,5
DA:106,1
DA:107,1
DA:108,1
DA:109,1
DA:110,1
DA:111,1
DA:112,1
DA:113,1
DA:114,1
DA:115,1
DA:116,1
DA:117,1
DA:118,1
DA:119,1
DA:120,1
DA:121,1
DA:122,1
DA:123,1
DA:124,1
DA:125,1
DA:126,1
DA:127,1
DA:128,1
DA:129,1
DA:130,1
DA:131,3
DA:132,3
DA:133,3
DA:134,3
DA:135,3
DA:136,3
DA:137,2
DA:138,1
DA:139,3
DA:140,2
DA:141,2
DA:142,2
DA:143,2
DA:144,2
DA:145,2
DA:146,10
DA:147,10
DA:148,10
DA:149,5
DA:150,0
DA:151,10
DA:152,2
DA:153,2
DA:154,1
DA:155,1
DA:156,1
DA:157,1
DA:158,1
DA:159,1
DA:160,1
DA:161,1
DA:162,1
DA:163,0
DA:164,0
DA:165,1
DA:166,1
DA:167,0
DA:168,0
DA:169,0
DA:170,0
DA:171,0
DA:172,0
DA:173,0
DA:174,0
DA:175,0
DA:176,3
DA:177,1
DA:178,1
DA:179,2
DA:180,2
DA:181,2
DA:182,2
DA:183,2
DA:184,1
DA:185,1
DA:186,1
DA:187,1
DA:188,1
DA:189,1
DA:190,1
DA:191,1
DA:192,1
DA:193,1
DA:194,1
DA:195,1
DA:196,1
DA:197,1
DA:198,1
DA:199,1
DA:200,1
DA:201,1
DA:202,1
DA:203,1
DA:204,1
DA:205,1
DA:206,1
DA:207,1
DA:208,1
DA:209,1
DA:210,1
DA:211,1
LF:211
LH:181
BRDA:17,0,0,16
BRDA:21,1,0,5
BRDA:25,2,0,1
BRDA:33,3,0,0
BRDA:60,4,0,1
BRDA:62,5,0,0
BRDA:62,6,0,0
BRDA:63,7,0,0
BRDA:63,8,0,0
BRDA:66,9,0,0
BRDA:66,10,0,0
BRDA:69,11,0,0
BRDA:69,12,0,0
BRDA:72,13,0,0
BRDA:72,14,0,0
BRDA:78,15,0,2
BRDA:92,16,0,1
BRDA:101,17,0,0
BRDA:104,18,0,5
BRDA:105,19,0,4
BRDA:105,20,0,1
BRDA:115,21,0,1
BRDA:130,22,0,3
BRDA:131,23,0,0
BRDA:132,24,0,2
BRDA:136,25,0,2
BRDA:137,26,0,1
BRDA:139,27,0,2
BRDA:141,28,0,1
BRDA:142,29,0,0
BRDA:144,30,0,0
BRDA:144,31,0,1
BRDA:144,32,0,1
BRDA:145,33,0,10
BRDA:147,34,0,0
BRDA:148,35,0,5
BRDA:149,36,0,0
BRDA:153,37,0,1
BRDA:157,38,0,0
BRDA:162,39,0,0
BRDA:166,40,0,0
BRDA:178,41,0,2
BRF:42
BRH:22
end_of_record
TN:
SF:lib/ps-b2b/orchestrator.ts
FN:8,round2
FN:12,runPhase1Workflow
FNF:2
FNH:2
FNDA:1,round2
FNDA:1,runPhase1Workflow
DA:1,1
DA:2,1
DA:3,1
DA:4,1
DA:5,1
DA:6,1
DA:7,1
DA:8,1
DA:9,1
DA:10,1
DA:11,1
DA:12,1
DA:13,1
DA:14,1
DA:15,1
DA:16,1
DA:17,1
DA:18,1
DA:19,1
DA:20,1
DA:21,1
DA:22,1
DA:23,1
DA:24,1
DA:25,1
DA:26,1
DA:27,1
DA:28,1
DA:29,1
DA:30,1
DA:31,1
DA:32,1
DA:33,1
DA:34,1
DA:35,1
DA:36,1
DA:37,1
DA:38,0
DA:39,1
DA:40,1
DA:41,1
DA:42,1
DA:43,0
DA:44,1
DA:45,1
DA:46,1
DA:47,1
DA:48,1
DA:49,1
DA:50,1
DA:51,1
DA:52,1
DA:53,1
DA:54,1
DA:55,1
DA:56,1
DA:57,1
LF:57
LH:55
BRDA:8,0,0,1
BRDA:12,1,0,1
BRDA:13,2,0,0
BRDA:14,3,0,0
BRDA:37,4,0,0
BRDA:37,5,0,0
BRDA:42,6,0,0
BRDA:26,7,0,1
BRDA:31,8,0,1
BRDA:42,9,0,1
BRF:10
BRH:5
end_of_record
TN:
SF:lib/ps-b2b/outreach.ts
FN:20,cleanWhitespace
FN:24,countWords
FN:28,trimToWordLimit
FN:34,removeBuzzwords
FN:43,ensureSoftCTA
FN:51,enforceMessageRules
FN:55,firstNameFromLead
FN:60,buildTemplateDraft
FN:81,hasAnyAIKey
FN:89,buildAIDraft
FN:136,createOutreachDraft
FNF:11
FNH:8
FNDA:24,cleanWhitespace
FNDA:0,countWords
FNDA:8,trimToWordLimit
FNDA:4,removeBuzzwords
FNDA:4,ensureSoftCTA
FNDA:4,enforceMessageRules
FNDA:2,firstNameFromLead
FNDA:2,buildTemplateDraft
FNDA:0,hasAnyAIKey
FNDA:0,buildAIDraft
FNDA:2,createOutreachDraft
DA:1,1
DA:2,1
DA:3,1
DA:4,1
DA:5,1
DA:6,1
DA:7,1
DA:8,1
DA:9,1
DA:10,1
DA:11,1
DA:12,1
DA:13,1
DA:14,1
DA:15,1
DA:16,1
DA:17,1
DA:18,1
DA:19,1
DA:20,24
DA:21,24
DA:22,24
DA:23,1
DA:24,0
DA:25,0
DA:26,0
DA:27,1
DA:28,8
DA:29,8
DA:30,8
DA:31,0
DA:32,0
DA:33,1
DA:34,4
DA:35,4
DA:36,4
DA:37,24
DA:38,24
DA:39,24
DA:40,4
DA:41,4
DA:42,1
DA:43,4
DA:44,4
DA:45,4
DA:46,0
DA:47,0
DA:48,0
DA:49,0
DA:50,1
DA:51,4
DA:52,4
DA:53,4
DA:54,1
DA:55,2
DA:56,2
DA:57,2
DA:58,2
DA:59,1
DA:60,2
DA:61,2
DA:62,2
DA:63,2
DA:64,2
DA:65,2
DA:66,2
DA:67,2
DA:68,2
DA:69,2
DA:70,2
DA:71,2
DA:72,2
DA:73,2
DA:74,2
DA:75,2
DA:76,2
DA:77,2
DA:78,2
DA:79,2
DA:80,1
DA:81,0
DA:82,0
DA:83,0
DA:84,0
DA:85,0
DA:86,0
DA:87,0
DA:88,1
DA:89,0
DA:90,0
DA:91,0
DA:92,0
DA:93,0
DA:94,0
DA:95,0
DA:96,0
DA:97,0
DA:98,0
DA:99,0
DA:100,0
DA:101,0
DA:102,0
DA:103,0
DA:104,0
DA:105,0
DA:106,0
DA:107,0
DA:108,0
DA:109,0
DA:110,0
DA:111,0
DA:112,0
DA:113,0
DA:114,0
DA:115,0
DA:116,0
DA:117,0
DA:118,0
DA:119,0
DA:120,0
DA:121,0
DA:122,0
DA:123,0
DA:124,0
DA:125,0
DA:126,0
DA:127,0
DA:128,0
DA:129,0
DA:130,0
DA:131,0
DA:132,0
DA:133,0
DA:134,0
DA:135,1
DA:136,1
DA:137,2
DA:138,2
DA:139,2
DA:140,2
DA:141,0
DA:142,0
DA:143,0
DA:144,2
DA:145,2
LF:145
LH:80
BRDA:20,0,0,24
BRDA:28,1,0,8
BRDA:30,2,0,0
BRDA:34,3,0,4
BRDA:36,4,0,24
BRDA:43,5,0,4
BRDA:45,6,0,0
BRDA:51,7,0,4
BRDA:55,8,0,2
BRDA:57,9,0,0
BRDA:60,10,0,2
BRDA:61,11,0,0
BRDA:136,12,0,2
BRDA:140,13,0,0
BRF:14
BRH:9
end_of_record
TN:
SF:lib/ps-b2b/scoring.ts
FN:9,clamp
FN:13,scaleTo100
FN:19,round2
FN:23,getDefaultICPWeights
FN:33,budgetStrengthScore
FN:60,problemUrgencyScore
FN:93,innovationOpennessScore
FN:107,alignmentScore
FN:121,easeOfAccessScore
FN:161,createBreakdown
FN:170,scoreLead
FN:200,scoreLeads
FNF:12
FNH:12
FNDA:25,clamp
FNDA:10,scaleTo100
FNDA:30,round2
FNDA:5,getDefaultICPWeights
FNDA:5,budgetStrengthScore
FNDA:5,problemUrgencyScore
FNDA:5,innovationOpennessScore
FNDA:5,alignmentScore
FNDA:5,easeOfAccessScore
FNDA:25,createBreakdown
FNDA:5,scoreLead
FNDA:1,scoreLeads
DA:1,1
DA:2,1
DA:3,1
DA:4,1
DA:5,1
DA:6,1
DA:7,1
DA:8,1
DA:9,25
DA:10,25
DA:11,25
DA:12,1
DA:13,10
DA:14,10
DA:15,10
DA:16,9
DA:17,9
DA:18,1
DA:19,30
DA:20,30
DA:21,30
DA:22,1
DA:23,1
DA:24,5
DA:25,5
DA:26,5
DA:27,5
DA:28,5
DA:29,5
DA:30,5
DA:31,5
DA:32,1
DA:33,5
DA:34,5
DA:35,5
DA:36,5
DA:37,5
DA:38,5
DA:39,0
DA:40,5
DA:41,5
DA:42,5
DA:43,0
DA:44,0
DA:45,5
DA:46,5
DA:47,5
DA:48,5
DA:49,0
DA:50,5
DA:51,5
DA:52,5
DA:53,0
DA:54,0
DA:55,5
DA:56,5
DA:57,5
DA:58,5
DA:59,1
DA:60,5
DA:61,5
DA:62,5
DA:63,5
DA:64,5
DA:65,5
DA:66,5
DA:67,3
DA:68,5
DA:69,2
DA:70,2
DA:71,5
DA:72,5
DA:73,0
DA:74,0
DA:75,0
DA:76,0
DA:77,0
DA:78,0
DA:79,0
DA:80,0
DA:81,0
DA:82,0
DA:83,0
DA:84,0
DA:85,0
DA:86,5
DA:87,5
DA:88,5
DA:89,5
DA:90,5
DA:91,5
DA:92,1
DA:93,5
DA:94,5
DA:95,5
DA:96,5
DA:97,5
DA:98,5
DA:99,4
DA:100,5
DA:101,1
DA:102,1
DA:103,5
DA:104,5
DA:105,5
DA:106,1
DA:107,5
DA:108,5
DA:109,5
DA:110,5
DA:111,5
DA:112,5
DA:113,4
DA:114,5
DA:115,1
DA:116,1
DA:117,5
DA:118,5
DA:119,5
DA:120,1
DA:121,5
DA:122,5
DA:123,5
DA:124,5
DA:125,5
DA:126,4
DA:127,4
DA:128,5
DA:129,1
DA:130,1
DA:131,5
DA:132,5
DA:133,5
DA:134,5
DA:135,4
DA:136,4
DA:137,5
DA:138,1
DA:139,1
DA:140,5
DA:141,5
DA:142,3
DA:143,3
DA:144,5
DA:145,2
DA:146,2
DA:147,5
DA:148,5
DA:149,4
DA:150,4
DA:151,4
DA:152,5
DA:153,5
DA:154,5
DA:155,5
DA:156,5
DA:157,5
DA:158,5
DA:159,5
DA:160,1
DA:161,25
DA:162,25
DA:163,25
DA:164,25
DA:165,25
DA:166,25
DA:167,25
DA:168,25
DA:169,1
DA:170,1
DA:171,5
DA:172,5
DA:173,5
DA:174,5
DA:175,5
DA:176,5
DA:177,5
DA:178,5
DA:179,5
DA:180,5
DA:181,5
DA:182,5
DA:183,5
DA:184,5
DA:185,5
DA:186,5
DA:187,5
DA:188,5
DA:189,5
DA:190,5
DA:191,5
DA:192,5
DA:193,5
DA:194,5
DA:195,5
DA:196,5
DA:197,5
DA:198,5
DA:199,1
DA:200,1
DA:201,1
DA:202,1
LF:202
LH:183
BRDA:9,0,0,25
BRDA:13,1,0,10
BRDA:14,2,0,1
BRDA:14,3,0,9
BRDA:15,4,0,0
BRDA:15,5,0,9
BRDA:19,6,0,30
BRDA:23,7,0,5
BRDA:33,8,0,5
BRDA:38,9,0,0
BRDA:42,10,0,0
BRDA:48,11,0,0
BRDA:52,12,0,0
BRDA:60,13,0,5
BRDA:66,14,0,3
BRDA:68,15,0,2
BRDA:72,16,0,0
BRDA:72,17,0,0
BRDA:93,18,0,5
BRDA:98,19,0,4
BRDA:100,20,0,1
BRDA:107,21,0,5
BRDA:112,22,0,4
BRDA:114,23,0,1
BRDA:121,24,0,5
BRDA:125,25,0,4
BRDA:128,26,0,1
BRDA:134,27,0,4
BRDA:137,28,0,1
BRDA:141,29,0,3
BRDA:144,30,0,2
BRDA:148,31,0,4
BRDA:132,32,0,4
BRDA:133,33,0,4
BRDA:161,34,0,25
BRDA:170,35,0,5
BRDA:200,36,0,1
BRDA:201,37,0,1
BRF:38
BRH:31
end_of_record
TN:
SF:supabase/functions/onboarding-chat/handler.ts
FN:76,HttpError
FN:89,toJsonResponse
FN:102,isMode
FN:110,getRequestBody
FN:131,extractJsonObject
FN:176,parseJsonBlock
FN:184,createOnboardingHandler
FNF:7
FNH:7
FNDA:1,HttpError
FNDA:5,toJsonResponse
FNDA:5,isMode
FNDA:5,getRequestBody
FNDA:3,extractJsonObject
FNDA:3,parseJsonBlock
FNDA:6,createOnboardingHandler
DA:1,1
DA:2,1
DA:3,1
DA:4,1
DA:5,1
DA:6,1
DA:7,1
DA:8,1
DA:9,1
DA:10,1
DA:11,1
DA:12,1
DA:13,1
DA:14,1
DA:15,1
DA:16,1
DA:17,1
DA:18,1
DA:19,1
DA:20,1
DA:21,1
DA:22,1
DA:23,1
DA:24,1
DA:25,1
DA:26,1
DA:27,1
DA:28,1
DA:29,1
DA:30,1
DA:31,1
DA:32,1
DA:33,1
DA:34,1
DA:35,1
DA:36,1
DA:37,1
DA:38,1
DA:39,1
DA:40,1
DA:41,1
DA:42,1
DA:43,1
DA:44,1
DA:45,1
DA:46,1
DA:47,1
DA:48,1
DA:49,1
DA:50,1
DA:51,1
DA:52,1
DA:53,1
DA:54,1
DA:55,1
DA:56,1
DA:57,1
DA:58,1
DA:59,1
DA:60,1
DA:61,1
DA:62,1
DA:63,1
DA:64,1
DA:65,1
DA:66,1
DA:67,1
DA:68,1
DA:69,1
DA:70,1
DA:71,1
DA:72,1
DA:73,1
DA:74,1
DA:75,1
DA:76,1
DA:77,1
DA:78,1
DA:79,1
DA:80,1
DA:81,1
DA:82,1
DA:83,1
DA:84,1
DA:85,1
DA:86,1
DA:87,1
DA:88,1
DA:89,5
DA:90,5
DA:91,5
DA:92,5
DA:93,5
DA:94,5
DA:95,5
DA:96,5
DA:97,5
DA:98,5
DA:99,5
DA:100,5
DA:101,1
DA:102,5
DA:103,5
DA:104,5
DA:105,4
DA:106,2
DA:107,5
DA:108,5
DA:109,1
DA:110,5
DA:111,5
DA:112,0
DA:113,0
DA:114,5
DA:115,5
DA:116,5
DA:117,1
DA:118,1
DA:119,4
DA:120,5
DA:121,0
DA:122,0
DA:123,4
DA:124,5
DA:125,0
DA:126,0
DA:127,4
DA:128,4
DA:129,4
DA:130,1
DA:131,3
DA:132,3
DA:133,3
DA:134,1
DA:135,1
DA:136,2
DA:137,2
DA:138,2
DA:139,2
DA:140,2
DA:141,3
DA:142,306
DA:143,306
DA:144,306
DA:145,262
DA:146,0
DA:147,262
DA:148,0
DA:149,262
DA:150,17
DA:151,17
DA:152,262
DA:153,262
DA:154,44
DA:155,306
DA:156,17
DA:157,17
DA:158,17
DA:159,27
DA:160,306
DA:161,3
DA:162,3
DA:163,3
DA:164,24
DA:165,306
DA:166,3
DA:167,3
DA:168,2
DA:169,2
DA:170,3
DA:171,306
DA:172,0
DA:173,0
DA:174,0
DA:175,1
DA:176,3
DA:177,3
DA:178,3
DA:179,1
DA:180,1
DA:181,2
DA:182,2
DA:183,1
DA:184,1
DA:185,6
DA:186,6
DA:187,1
DA:188,1
DA:189,5
DA:190,5
DA:191,5
DA:192,5
DA:193,5
DA:194,5
DA:195,5
DA:196,6
DA:197,1
DA:198,1
DA:199,1
DA:200,1
DA:201,1
DA:202,1
DA:203,1
DA:204,1
DA:205,6
DA:206,2
DA:207,2
DA:208,2
DA:209,2
DA:210,2
DA:211,2
DA:212,2
DA:213,2
DA:214,0
DA:215,0
DA:216,1
DA:217,1
DA:218,1
DA:219,1
DA:220,1
DA:221,1
DA:222,1
DA:223,1
DA:224,1
DA:225,3
DA:226,1
DA:227,1
DA:228,1
DA:229,1
DA:230,1
DA:231,1
DA:232,1
DA:233,1
DA:234,1
DA:235,0
DA:236,0
DA:237,1
DA:238,1
DA:239,1
DA:240,1
DA:241,1
DA:242,1
DA:243,1
DA:244,1
DA:245,3
DA:246,3
DA:247,6
DA:248,2
DA:249,2
DA:250,2
DA:251,2
DA:252,6
DA:253,6
LF:253
LH:238
BRDA:76,0,0,1
BRDA:89,1,0,5
BRDA:102,2,0,5
BRDA:104,3,0,4
BRDA:105,4,0,2
BRDA:110,5,0,5
BRDA:111,6,0,0
BRDA:116,7,0,1
BRDA:118,8,0,4
BRDA:120,9,0,0
BRDA:122,10,0,4
BRDA:124,11,0,0
BRDA:126,12,0,4
BRDA:131,13,0,3
BRDA:133,14,0,1
BRDA:135,15,0,2
BRDA:141,16,0,306
BRDA:144,17,0,262
BRDA:145,18,0,0
BRDA:147,19,0,0
BRDA:149,20,0,17
BRDA:153,21,0,44
BRDA:155,22,0,17
BRDA:158,23,0,27
BRDA:160,24,0,3
BRDA:163,25,0,24
BRDA:165,26,0,3
BRDA:167,27,0,2
BRDA:171,28,0,0
BRDA:176,29,0,3
BRDA:178,30,0,1
BRDA:180,31,0,2
BRDA:184,32,0,6
BRDA:185,33,0,6
BRDA:186,34,0,1
BRDA:188,35,0,5
BRDA:196,36,0,1
BRDA:203,37,0,0
BRDA:205,38,0,3
BRDA:205,39,0,2
BRDA:213,40,0,0
BRDA:215,41,0,1
BRDA:225,42,0,1
BRDA:226,43,0,0
BRDA:234,44,0,0
BRDA:247,45,0,2
BRDA:248,46,0,1
BRDA:248,47,0,1
BRDA:249,48,0,0
BRF:49
BRH:38
end_of_record
TN:
SF:types/direction-finder.ts
FN:298,classifyZoneItem
FN:307,extractByQuadrant
FNF:2
FNH:0
FNDA:0,classifyZoneItem
FNDA:0,extractByQuadrant
DA:1,1
DA:2,1
DA:3,1
DA:4,1
DA:5,1
DA:6,1
DA:7,1
DA:8,1
DA:9,1
DA:10,1
DA:11,1
DA:12,1
DA:13,1
DA:14,1
DA:15,1
DA:16,1
DA:17,1
DA:18,1
DA:19,1
DA:20,1
DA:21,1
DA:22,1
DA:23,1
DA:24,1
DA:25,1
DA:26,1
DA:27,1
DA:28,1
DA:29,1
DA:30,1
DA:31,1
DA:32,1
DA:33,1
DA:34,1
DA:35,1
DA:36,1
DA:37,1
DA:38,1
DA:39,1
DA:40,1
DA:41,1
DA:42,1
DA:43,1
DA:44,1
DA:45,1
DA:46,1
DA:47,1
DA:48,1
DA:49,1
DA:50,1
DA:51,1
DA:52,1
DA:53,1
DA:54,1
DA:55,1
DA:56,1
DA:57,1
DA:58,1
DA:59,1
DA:60,1
DA:61,1
DA:62,1
DA:63,1
DA:64,1
DA:65,1
DA:66,1
DA:67,1
DA:68,1
DA:69,1
DA:70,1
DA:71,1
DA:72,1
DA:73,1
DA:74,1
DA:75,1
DA:76,1
DA:77,1
DA:78,1
DA:79,1
DA:80,1
DA:81,1
DA:82,1
DA:83,1
DA:84,1
DA:85,1
DA:86,1
DA:87,1
DA:88,1
DA:89,1
DA:90,1
DA:91,1
DA:92,1
DA:93,1
DA:94,1
DA:95,1
DA:96,1
DA:97,1
DA:98,1
DA:99,1
DA:100,1
DA:101,1
DA:102,1
DA:103,1
DA:104,1
DA:105,1
DA:106,1
DA:107,1
DA:108,1
DA:109,1
DA:110,1
DA:111,1
DA:112,1
DA:113,1
DA:114,1
DA:115,1
DA:116,1
DA:117,1
DA:118,1
DA:119,1
DA:120,1
DA:121,1
DA:122,1
DA:123,1
DA:124,1
DA:125,1
DA:126,1
DA:127,1
DA:128,1
DA:129,1
DA:130,1
DA:131,1
DA:132,1
DA:133,1
DA:134,1
DA:135,1
DA:136,1
DA:137,1
DA:138,1
DA:139,1
DA:140,1
DA:141,1
DA:142,1
DA:143,1
DA:144,1
DA:145,1
DA:146,1
DA:147,1
DA:148,1
DA:149,1
DA:150,1
DA:151,1
DA:152,1
DA:153,1
DA:154,1
DA:155,1
DA:156,1
DA:157,1
DA:158,1
DA:159,1
DA:160,1
DA:161,1
DA:162,1
DA:163,1
DA:164,1
DA:165,1
DA:166,1
DA:167,1
DA:168,1
DA:169,1
DA:170,1
DA:171,1
DA:172,1
DA:173,1
DA:174,1
DA:175,1
DA:176,1
DA:177,1
DA:178,1
DA:179,1
DA:180,1
DA:181,1
DA:182,1
DA:183,1
DA:184,1
DA:185,1
DA:186,1
DA:187,1
DA:188,1
DA:189,1
DA:190,1
DA:191,1
DA:192,1
DA:193,1
DA:194,1
DA:195,1
DA:196,1
DA:197,1
DA:198,1
DA:199,1
DA:200,1
DA:201,1
DA:202,1
DA:203,1
DA:204,1
DA:205,1
DA:206,1
DA:207,1
DA:208,1
DA:209,1
DA:210,1
DA:211,1
DA:212,1
DA:213,1
DA:214,1
DA:215,1
DA:216,1
DA:217,1
DA:218,1
DA:219,1
DA:220,1
DA:221,1
DA:222,1
DA:223,1
DA:224,1
DA:225,1
DA:226,1
DA:227,1
DA:228,1
DA:229,1
DA:230,1
DA:231,1
DA:232,1
DA:233,1
DA:234,1
DA:235,1
DA:236,1
DA:237,1
DA:238,1
DA:239,1
DA:240,1
DA:241,1
DA:242,1
DA:243,1
DA:244,1
DA:245,1
DA:246,1
DA:247,1
DA:248,1
DA:249,1
DA:250,1
DA:251,1
DA:252,1
DA:253,1
DA:254,1
DA:255,1
DA:256,1
DA:257,1
DA:258,1
DA:259,1
DA:260,1
DA:261,1
DA:262,1
DA:263,1
DA:264,1
DA:265,1
DA:266,1
DA:267,1
DA:268,1
DA:269,1
DA:270,1
DA:271,1
DA:272,1
DA:273,1
DA:274,1
DA:275,1
DA:276,1
DA:277,1
DA:278,1
DA:279,1
DA:280,1
DA:281,1
DA:282,1
DA:283,1
DA:284,1
DA:285,1
DA:286,1
DA:287,1
DA:288,1
DA:289,1
DA:290,1
DA:291,1
DA:292,1
DA:293,1
DA:294,1
DA:295,1
DA:296,1
DA:297,1
DA:298,1
DA:299,0
DA:300,0
DA:301,0
DA:302,0
DA:303,0
DA:304,0
DA:305,1
DA:306,1
DA:307,1
DA:308,0
DA:309,0
DA:310,0
DA:311,0
DA:312,0
DA:313,0
DA:314,0
LF:314
LH:301
BRF:0
BRH:0
end_of_record
